<?xml version="1.0" encoding="UTF-8"?>
<!-- Generated by org.testng.reporters.JUnitXMLReporter -->
<testsuite ignored="0" hostname="DESKTOP-4MCJR8D" failures="1" tests="3" name="ErrorValidations" time="86.414" errors="0" timestamp="2025-03-15T12:11:23 IST">
  <testcase classname="rahulshettyacademy.Test.ErrorValidations" name="loginErroValidation" time="1.405">
    <skipped/>
  </testcase> <!-- loginErroValidation -->
  <testcase classname="rahulshettyacademy.Test.ErrorValidations" name="loginErroValidation" time="1.124">
    <failure type="java.lang.AssertionError" message="expected [Incorrect email or password.] but found [Incorrect  or password.]">
      <![CDATA[java.lang.AssertionError: expected [Incorrect email or password.] but found [Incorrect  or password.]
at rahulshettyacademy.Test.ErrorValidations.loginErroValidation(ErrorValidations.java:24)
at java.base/java.util.ArrayList.forEach(ArrayList.java:1597)
at java.base/java.util.concurrent.FutureTask.run(FutureTask.java:317)
at java.base/java.util.concurrent.ThreadPoolExecutor.runWorker(ThreadPoolExecutor.java:1144)
at java.base/java.util.concurrent.ThreadPoolExecutor$Worker.run(ThreadPoolExecutor.java:642)
at java.base/java.lang.Thread.run(Thread.java:1575)
... Removed 21 stack frames]]>
    </failure>
  </testcase> <!-- loginErroValidation -->
  <testcase classname="rahulshettyacademy.Test.ErrorValidations" name="productErrorValidation" time="16.7"/>
</testsuite> <!-- ErrorValidations -->
