<?xml version="1.0" encoding="UTF-8"?>
<!-- Generated by org.testng.reporters.JUnitXMLReporter -->
<testsuite ignored="0" hostname="DESKTOP-4MCJR8D" failures="1" tests="3" name="ErrorValidations" time="79.916" errors="0" timestamp="2025-03-16T10:48:31 IST">
  <testcase classname="rahulshettyacademy.Test.ErrorValidations" name="loginErroValidation" time="0.775">
    <skipped/>
  </testcase> <!-- loginErroValidation -->
  <testcase classname="rahulshettyacademy.Test.ErrorValidations" name="loginErroValidation" time="1.111">
    <failure type="java.lang.AssertionError" message="expected [Incorrect email or password.] but found [Incorrect  or password.]">
      <![CDATA[java.lang.AssertionError: expected [Incorrect email or password.] but found [Incorrect  or password.]
at rahulshettyacademy.Test.ErrorValidations.loginErroValidation(ErrorValidations.java:24)
at java.base/java.util.ArrayList.forEach(ArrayList.java:1511)
at java.base/java.util.concurrent.FutureTask.run(FutureTask.java:264)
at java.base/java.util.concurrent.ThreadPoolExecutor.runWorker(ThreadPoolExecutor.java:1136)
at java.base/java.util.concurrent.ThreadPoolExecutor$Worker.run(ThreadPoolExecutor.java:635)
at java.base/java.lang.Thread.run(Thread.java:842)
... Removed 23 stack frames]]>
    </failure>
  </testcase> <!-- loginErroValidation -->
  <testcase classname="rahulshettyacademy.Test.ErrorValidations" name="productErrorValidation" time="4.405"/>
</testsuite> <!-- ErrorValidations -->
