<?xml version="1.0" encoding="UTF-8"?>
<testng-results retried="1" ignored="1" total="7" passed="4" failed="1" skipped="0">
  <reporter-output>
  </reporter-output>
  <suite started-at="2025-03-16T10:47:10 IST" name="Suite" finished-at="2025-03-16T10:48:30 IST" duration-ms="80208">
    <groups>
      <group name="Purchase">
        <method signature="SubmitOrderTest.Submiorder(java.util.HashMap)[pri:0, instance:rahulshettyacademy.Test.SubmitOrderTest@6be968ce]" name="Submiorder" class="rahulshettyacademy.Test.SubmitOrderTest"/>
      </group> <!-- Purchase -->
      <group name="ErrorValidation">
        <method signature="ErrorValidations.loginErroValidation()[pri:0, instance:rahulshettyacademy.Test.ErrorValidations@7857fe2]" name="loginErroValidation" class="rahulshettyacademy.Test.ErrorValidations"/>
      </group> <!-- ErrorValidation -->
    </groups>
    <test started-at="2025-03-16T10:47:10 IST" name="ErrorValidations" finished-at="2025-03-16T10:48:30 IST" duration-ms="79916">
      <class name="rahulshettyacademy.Test.ErrorValidations">
        <test-method is-config="true" signature="lunchingapplication()[pri:0, instance:rahulshettyacademy.Test.ErrorValidations@7857fe2]" started-at="2025-03-16T10:47:10 IST" name="lunchingapplication" finished-at="2025-03-16T10:47:33 IST" duration-ms="23362" status="PASS">
          <reporter-output>
          </reporter-output>
        </test-method> <!-- lunchingapplication -->
        <test-method retried="true" signature="loginErroValidation()[pri:0, instance:rahulshettyacademy.Test.ErrorValidations@7857fe2]" started-at="2025-03-16T10:47:33 IST" name="loginErroValidation" finished-at="2025-03-16T10:47:34 IST" duration-ms="775" status="SKIP">
          <exception class="java.lang.AssertionError">
            <message>
              <![CDATA[expected [Incorrect email or password.] but found [Incorrect  or password.]]]>
            </message>
            <full-stacktrace>
              <![CDATA[java.lang.AssertionError: expected [Incorrect email or password.] but found [Incorrect  or password.]
at org.testng.Assert.fail(Assert.java:111)
at org.testng.Assert.failNotEquals(Assert.java:1578)
at org.testng.Assert.assertEqualsImpl(Assert.java:150)
at org.testng.Assert.assertEquals(Assert.java:132)
at org.testng.Assert.assertEquals(Assert.java:656)
at org.testng.Assert.assertEquals(Assert.java:666)
at rahulshettyacademy.Test.ErrorValidations.loginErroValidation(ErrorValidations.java:24)
at java.base/jdk.internal.reflect.NativeMethodAccessorImpl.invoke0(Native Method)
at java.base/jdk.internal.reflect.NativeMethodAccessorImpl.invoke(NativeMethodAccessorImpl.java:77)
at java.base/jdk.internal.reflect.DelegatingMethodAccessorImpl.invoke(DelegatingMethodAccessorImpl.java:43)
at java.base/java.lang.reflect.Method.invoke(Method.java:568)
at org.testng.internal.invokers.MethodInvocationHelper.invokeMethod(MethodInvocationHelper.java:141)
at org.testng.internal.invokers.TestInvoker.invokeMethod(TestInvoker.java:686)
at org.testng.internal.invokers.TestInvoker.invokeTestMethod(TestInvoker.java:230)
at org.testng.internal.invokers.MethodRunner.runInSequence(MethodRunner.java:63)
at org.testng.internal.invokers.TestInvoker$MethodInvocationAgent.invoke(TestInvoker.java:992)
at org.testng.internal.invokers.TestInvoker.invokeTestMethods(TestInvoker.java:203)
at org.testng.internal.invokers.TestMethodWorker.invokeTestMethods(TestMethodWorker.java:154)
at org.testng.internal.invokers.TestMethodWorker.run(TestMethodWorker.java:134)
at java.base/java.util.ArrayList.forEach(ArrayList.java:1511)
at org.testng.TestRunner.privateRun(TestRunner.java:739)
at org.testng.TestRunner.run(TestRunner.java:614)
at org.testng.SuiteRunner.runTest(SuiteRunner.java:421)
at org.testng.SuiteRunner$SuiteWorker.run(SuiteRunner.java:463)
at org.testng.internal.thread.ThreadUtil.lambda$execute$0(ThreadUtil.java:64)
at java.base/java.util.concurrent.FutureTask.run(FutureTask.java:264)
at java.base/java.util.concurrent.ThreadPoolExecutor.runWorker(ThreadPoolExecutor.java:1136)
at java.base/java.util.concurrent.ThreadPoolExecutor$Worker.run(ThreadPoolExecutor.java:635)
at java.base/java.lang.Thread.run(Thread.java:842)
]]>
            </full-stacktrace>
          </exception> <!-- java.lang.AssertionError -->
          <reporter-output>
          </reporter-output>
        </test-method> <!-- loginErroValidation -->
        <test-method is-config="true" signature="closewindow()[pri:0, instance:rahulshettyacademy.Test.ErrorValidations@7857fe2]" started-at="2025-03-16T10:47:34 IST" name="closewindow" finished-at="2025-03-16T10:47:41 IST" duration-ms="6566" status="PASS">
          <reporter-output>
          </reporter-output>
        </test-method> <!-- closewindow -->
        <test-method is-config="true" signature="lunchingapplication()[pri:0, instance:rahulshettyacademy.Test.ErrorValidations@7857fe2]" started-at="2025-03-16T10:47:41 IST" name="lunchingapplication" finished-at="2025-03-16T10:47:56 IST" duration-ms="15059" status="PASS">
          <reporter-output>
          </reporter-output>
        </test-method> <!-- lunchingapplication -->
        <test-method signature="loginErroValidation()[pri:0, instance:rahulshettyacademy.Test.ErrorValidations@7857fe2]" started-at="2025-03-16T10:47:56 IST" name="loginErroValidation" finished-at="2025-03-16T10:47:57 IST" duration-ms="1111" status="FAIL">
          <exception class="java.lang.AssertionError">
            <message>
              <![CDATA[expected [Incorrect email or password.] but found [Incorrect  or password.]]]>
            </message>
            <full-stacktrace>
              <![CDATA[java.lang.AssertionError: expected [Incorrect email or password.] but found [Incorrect  or password.]
at org.testng.Assert.fail(Assert.java:111)
at org.testng.Assert.failNotEquals(Assert.java:1578)
at org.testng.Assert.assertEqualsImpl(Assert.java:150)
at org.testng.Assert.assertEquals(Assert.java:132)
at org.testng.Assert.assertEquals(Assert.java:656)
at org.testng.Assert.assertEquals(Assert.java:666)
at rahulshettyacademy.Test.ErrorValidations.loginErroValidation(ErrorValidations.java:24)
at java.base/jdk.internal.reflect.NativeMethodAccessorImpl.invoke0(Native Method)
at java.base/jdk.internal.reflect.NativeMethodAccessorImpl.invoke(NativeMethodAccessorImpl.java:77)
at java.base/jdk.internal.reflect.DelegatingMethodAccessorImpl.invoke(DelegatingMethodAccessorImpl.java:43)
at java.base/java.lang.reflect.Method.invoke(Method.java:568)
at org.testng.internal.invokers.MethodInvocationHelper.invokeMethod(MethodInvocationHelper.java:141)
at org.testng.internal.invokers.TestInvoker.invokeMethod(TestInvoker.java:686)
at org.testng.internal.invokers.TestInvoker.retryFailed(TestInvoker.java:269)
at org.testng.internal.invokers.MethodRunner.runInSequence(MethodRunner.java:76)
at org.testng.internal.invokers.TestInvoker$MethodInvocationAgent.invoke(TestInvoker.java:992)
at org.testng.internal.invokers.TestInvoker.invokeTestMethods(TestInvoker.java:203)
at org.testng.internal.invokers.TestMethodWorker.invokeTestMethods(TestMethodWorker.java:154)
at org.testng.internal.invokers.TestMethodWorker.run(TestMethodWorker.java:134)
at java.base/java.util.ArrayList.forEach(ArrayList.java:1511)
at org.testng.TestRunner.privateRun(TestRunner.java:739)
at org.testng.TestRunner.run(TestRunner.java:614)
at org.testng.SuiteRunner.runTest(SuiteRunner.java:421)
at org.testng.SuiteRunner$SuiteWorker.run(SuiteRunner.java:463)
at org.testng.internal.thread.ThreadUtil.lambda$execute$0(ThreadUtil.java:64)
at java.base/java.util.concurrent.FutureTask.run(FutureTask.java:264)
at java.base/java.util.concurrent.ThreadPoolExecutor.runWorker(ThreadPoolExecutor.java:1136)
at java.base/java.util.concurrent.ThreadPoolExecutor$Worker.run(ThreadPoolExecutor.java:635)
at java.base/java.lang.Thread.run(Thread.java:842)
]]>
            </full-stacktrace>
          </exception> <!-- java.lang.AssertionError -->
          <reporter-output>
          </reporter-output>
        </test-method> <!-- loginErroValidation -->
        <test-method is-config="true" signature="closewindow()[pri:0, instance:rahulshettyacademy.Test.ErrorValidations@7857fe2]" started-at="2025-03-16T10:47:59 IST" name="closewindow" finished-at="2025-03-16T10:48:05 IST" duration-ms="5891" status="PASS">
          <reporter-output>
          </reporter-output>
        </test-method> <!-- closewindow -->
        <test-method is-config="true" signature="lunchingapplication()[pri:0, instance:rahulshettyacademy.Test.ErrorValidations@7857fe2]" started-at="2025-03-16T10:48:05 IST" name="lunchingapplication" finished-at="2025-03-16T10:48:22 IST" duration-ms="16850" status="PASS">
          <reporter-output>
          </reporter-output>
        </test-method> <!-- lunchingapplication -->
        <test-method signature="productErrorValidation()[pri:0, instance:rahulshettyacademy.Test.ErrorValidations@7857fe2]" started-at="2025-03-16T10:48:22 IST" name="productErrorValidation" finished-at="2025-03-16T10:48:26 IST" duration-ms="4405" status="PASS">
          <reporter-output>
          </reporter-output>
        </test-method> <!-- productErrorValidation -->
        <test-method is-config="true" signature="closewindow()[pri:0, instance:rahulshettyacademy.Test.ErrorValidations@7857fe2]" started-at="2025-03-16T10:48:26 IST" name="closewindow" finished-at="2025-03-16T10:48:30 IST" duration-ms="3607" status="PASS">
          <reporter-output>
          </reporter-output>
        </test-method> <!-- closewindow -->
      </class> <!-- rahulshettyacademy.Test.ErrorValidations -->
    </test> <!-- ErrorValidations -->
    <test started-at="2025-03-16T10:47:10 IST" name="SubmitOrderTest" finished-at="2025-03-16T10:48:30 IST" duration-ms="80208">
      <class name="rahulshettyacademy.Test.SubmitOrderTest">
        <test-method is-config="true" signature="lunchingapplication()[pri:0, instance:rahulshettyacademy.Test.SubmitOrderTest@6be968ce]" started-at="2025-03-16T10:47:11 IST" name="lunchingapplication" finished-at="2025-03-16T10:47:28 IST" duration-ms="17209" status="PASS">
          <reporter-output>
          </reporter-output>
        </test-method> <!-- lunchingapplication -->
        <test-method signature="Submiorder(java.util.HashMap)[pri:0, instance:rahulshettyacademy.Test.SubmitOrderTest@6be968ce]" started-at="2025-03-16T10:47:28 IST" name="Submiorder" data-provider="getData" finished-at="2025-03-16T10:47:40 IST" duration-ms="12233" status="PASS">
          <params>
            <param index="0">
              <value>
                <![CDATA[{password=Kumar@1146, product=ZARA COAT 3, email=aniltc1999@gmail.com}]]>
              </value>
            </param>
          </params>
          <reporter-output>
          </reporter-output>
        </test-method> <!-- Submiorder -->
        <test-method is-config="true" signature="closewindow()[pri:0, instance:rahulshettyacademy.Test.SubmitOrderTest@6be968ce]" started-at="2025-03-16T10:47:40 IST" name="closewindow" finished-at="2025-03-16T10:47:41 IST" duration-ms="993" status="PASS">
          <reporter-output>
          </reporter-output>
        </test-method> <!-- closewindow -->
        <test-method is-config="true" signature="lunchingapplication()[pri:0, instance:rahulshettyacademy.Test.SubmitOrderTest@6be968ce]" started-at="2025-03-16T10:47:41 IST" name="lunchingapplication" finished-at="2025-03-16T10:47:56 IST" duration-ms="15266" status="PASS">
          <reporter-output>
          </reporter-output>
        </test-method> <!-- lunchingapplication -->
        <test-method signature="Submiorder(java.util.HashMap)[pri:0, instance:rahulshettyacademy.Test.SubmitOrderTest@6be968ce]" started-at="2025-03-16T10:47:56 IST" name="Submiorder" data-provider="getData" finished-at="2025-03-16T10:48:09 IST" duration-ms="12793" status="PASS">
          <params>
            <param index="0">
              <value>
                <![CDATA[{password=Kumar@1147, product=ADIDAS ORIGINAL, email=aniltc1998@gmail.com}]]>
              </value>
            </param>
          </params>
          <reporter-output>
          </reporter-output>
        </test-method> <!-- Submiorder -->
        <test-method is-config="true" signature="closewindow()[pri:0, instance:rahulshettyacademy.Test.SubmitOrderTest@6be968ce]" started-at="2025-03-16T10:48:09 IST" name="closewindow" finished-at="2025-03-16T10:48:11 IST" duration-ms="1434" status="PASS">
          <reporter-output>
          </reporter-output>
        </test-method> <!-- closewindow -->
        <test-method is-config="true" signature="lunchingapplication()[pri:0, instance:rahulshettyacademy.Test.SubmitOrderTest@6be968ce]" started-at="2025-03-16T10:48:11 IST" name="lunchingapplication" finished-at="2025-03-16T10:48:26 IST" duration-ms="15289" status="PASS">
          <reporter-output>
          </reporter-output>
        </test-method> <!-- lunchingapplication -->
        <test-method signature="orderHistoryTest()[pri:0, instance:rahulshettyacademy.Test.SubmitOrderTest@6be968ce]" started-at="2025-03-16T10:48:26 IST" name="orderHistoryTest" finished-at="2025-03-16T10:48:27 IST" depends-on-methods="rahulshettyacademy.Test.SubmitOrderTest.Submiorder" duration-ms="1466" status="PASS">
          <reporter-output>
          </reporter-output>
        </test-method> <!-- orderHistoryTest -->
        <test-method is-config="true" signature="closewindow()[pri:0, instance:rahulshettyacademy.Test.SubmitOrderTest@6be968ce]" started-at="2025-03-16T10:48:27 IST" name="closewindow" finished-at="2025-03-16T10:48:30 IST" duration-ms="2964" status="PASS">
          <reporter-output>
          </reporter-output>
        </test-method> <!-- closewindow -->
      </class> <!-- rahulshettyacademy.Test.SubmitOrderTest -->
    </test> <!-- SubmitOrderTest -->
  </suite> <!-- Suite -->
</testng-results>
